
54
88
99
104
136
156
186
204
209
212
240
246
259
268
271
279
333
357
363
381
391
403
416
446
486
502
516
542
619
681
682
728
763
788
793
824
839
845
875
898
940
948
953
981
1007
1024
1060
1067
1080
1082
1123
1145
1155
1155
1206
1209
1217
1218
1238
1265
1271
1280
1293
1304
1311
1328
1353
1373
1400
1433
1439
1440
1463
1489
1526
1537
1545
1569
1578
1588
1591
1594
1600
1637
1651
1658
1663
1682
1718
1722
1757
1773
1789
1828
1831
1844
1879
1896
1905
1914
1929
1943
1946
1974
1975
1976
2015
2039
2040
2072
2080
2089
2130
2136
2155
2189
2202
2216
2245
2290
2350
2359
2374
2378
2419
2423
2427
2435
2451
2457
2459
2471
2477
2491
2500
2560
2604
2627
2638
2649
2669
2799
2828
2852
2922
2929
2936
2946
2972
2998
3001
3013
3021
3027
3041
3066
3097
3142
3257
3258
3319
3360
3388
3392
3414
3418
3441
3459
3460
3472
3504
3510
3513
3515
3518
3519
3544
3552
3581
3584
3587
3620
3632
3656
3748
3751
3766
3775
3781
3781
3781
3802
3804
3807
3809
3812
3855
3871
3894
3904
3912
3945
3954
3958
4026
4079
4107
4158
4183
4184
4225
4231
4233
4241
4269
4279
4306
4321
4322
4348
4351
4361
4366
4403
4445
4462
4470
4476
4512
4543
4549
4577
4611
4647
4680
4684
4700
4756
4764
4771
4773
4799
4799
4850
4879
4945
4960
4964
4979
4996
5028
5028
5031
5035
5040
5048
5079
5095
5097
5108
5141
5142
5176
5195
5200
5201
5211
5218
5256
5269
5275
5294
5337
5361
5363
5406
5460
5492
5513
5521
5522
5531
5547
5569
5596
5631
5654
5654
5657
5688
5769
5782
5788
5790
5814
5873
5879
5897
5910
5942
5946
5948
5970
5973
5990
6002
6042
6048
6052
6055
6066
6071
6140
6143
6152
6163
6199
6215
6229
6241
6246
6259
6266
6272
6287
6310
6334
6340
6358
6379
6413
6435
6441
6447
6466
6467
6473
6498
6510
6516
6528
6547
6550
6585
6604
6688
6707
6709
6746
6784
6840
6872
6905
6929
6978
7037
7046
7049
7058
7110
7130
7156
7194
7196
7205
7210
7241
7260
7284
7295
7329
7344
7348
7369
7382
7396
7403
7442
7490
7502
7529
7548
7553
7564
7579
7613
7623
7629
7639
7738
7742
7750
7779
7795
7817
7857
7881
7883
7889
7892
7900
7906
7949
7992
7997
8006
8020
8028
8141
8149
8195
8203
8234
8283
8285
8306
8328
8351
8376
8392
8398
8414
8418
8420
8426
8435
8443
8449
8505
8506
8509
8528
8549
8551
8596
8609
8642
8656
8691
8691
8692
8706
8707
8722
8744
8751
8760
8809
8811
8829
8834
8849
8853
8877
8900
8948
8955
8955
8975
8985
9038
9074
9080
9080
9128
9136
9145
9152
9196
9261
9271
9280
9450
9457
9476
9495
9532
9536
9536
9556
9570
9572
9573
9580
9628
9641
9673
9730
9771
9779
9781
9782
9803
9823
9861
9863
9882
9894
9898
9925
 TotalMoves 1060.0